2019-03-09 18:52:44 [main] INFO  c.n.c.sources.URLConfigurationSource - To enable URLs as dynamic configuration sources, define System property archaius.configurationSource.additionalUrls or make config.properties available on classpath.
2019-03-09 18:52:44 [main] INFO  o.s.s.c.ThreadPoolTaskExecutor - Initializing ExecutorService 'applicationTaskExecutor'
2019-03-09 18:52:45 [main] INFO  o.s.c.n.eureka.InstanceInfoFactory - Setting initial instance status as: STARTING
2019-03-09 18:52:45 [main] INFO  c.netflix.discovery.DiscoveryClient - Initializing Eureka in region us-east-1
2019-03-09 18:52:45 [main] INFO  c.n.d.p.DiscoveryJerseyProvider - Using JSON encoding codec LegacyJacksonJson
2019-03-09 18:52:45 [main] INFO  c.n.d.p.DiscoveryJerseyProvider - Using JSON decoding codec LegacyJacksonJson
2019-03-09 18:52:45 [main] INFO  c.n.d.p.DiscoveryJerseyProvider - Using XML encoding codec XStreamXml
2019-03-09 18:52:45 [main] INFO  c.n.d.p.DiscoveryJerseyProvider - Using XML decoding codec XStreamXml
2019-03-09 18:52:45 [main] INFO  c.n.d.s.r.aws.ConfigClusterResolver - Resolving eureka endpoints via configuration
2019-03-09 18:52:45 [main] INFO  c.netflix.discovery.DiscoveryClient - Disable delta property : false
2019-03-09 18:52:45 [main] INFO  c.netflix.discovery.DiscoveryClient - Single vip registry refresh property : null
2019-03-09 18:52:45 [main] INFO  c.netflix.discovery.DiscoveryClient - Force full registry fetch : false
2019-03-09 18:52:45 [main] INFO  c.netflix.discovery.DiscoveryClient - Application is null : false
2019-03-09 18:52:45 [main] INFO  c.netflix.discovery.DiscoveryClient - Registered Applications size is zero : true
2019-03-09 18:52:45 [main] INFO  c.netflix.discovery.DiscoveryClient - Application version is -1: true
2019-03-09 18:52:45 [main] INFO  c.netflix.discovery.DiscoveryClient - Getting all instance registry info from the eureka server
2019-03-09 18:52:46 [main] INFO  c.netflix.discovery.DiscoveryClient - The response status is 200
2019-03-09 18:52:46 [main] INFO  c.netflix.discovery.DiscoveryClient - Starting heartbeat executor: renew interval is: 30
2019-03-09 18:52:46 [main] INFO  c.n.discovery.InstanceInfoReplicator - InstanceInfoReplicator onDemand update allowed rate per min is 4
2019-03-09 18:52:46 [main] INFO  c.netflix.discovery.DiscoveryClient - Discovery Client initialized at timestamp 1552153966029 with initial instances count: 1
2019-03-09 18:52:46 [main] WARN  o.s.b.a.f.FreeMarkerAutoConfiguration - Cannot find template location(s): [classpath:/templates/] (please add some templates, check your FreeMarker configuration, or set spring.freemarker.checkTemplateLocation=false)
2019-03-09 18:52:46 [main] INFO  o.s.b.w.e.tomcat.TomcatWebServer - Tomcat initialized with port(s): 8082 (http)
2019-03-09 18:52:46 [main] INFO  o.a.coyote.http11.Http11NioProtocol - Initializing ProtocolHandler ["http-nio-127.0.0.1-8082"]
2019-03-09 18:52:46 [main] INFO  o.a.catalina.core.StandardService - Starting service [Tomcat]
2019-03-09 18:52:46 [main] INFO  o.a.catalina.core.StandardEngine - Starting Servlet Engine: Apache Tomcat/9.0.13
2019-03-09 18:52:46 [main] INFO  o.a.c.c.C.[Tomcat-1].[localhost].[/] - Initializing Spring embedded WebApplicationContext
2019-03-09 18:52:46 [main] INFO  o.s.web.context.ContextLoader - Root WebApplicationContext: initialization completed in 90 ms
2019-03-09 18:52:46 [main] INFO  o.s.b.a.e.web.EndpointLinksResolver - Exposing 20 endpoint(s) beneath base path '/actuator'
2019-03-09 18:52:46 [main] INFO  o.a.coyote.http11.Http11NioProtocol - Starting ProtocolHandler ["http-nio-127.0.0.1-8082"]
2019-03-09 18:52:46 [main] INFO  o.a.tomcat.util.net.NioSelectorPool - Using a shared selector for servlet write/read
2019-03-09 18:52:46 [main] INFO  o.s.b.w.e.tomcat.TomcatWebServer - Tomcat started on port(s): 8082 (http) with context path ''
2019-03-09 18:52:46 [main] INFO  o.s.c.n.e.s.EurekaAutoServiceRegistration - Updating port to 8082
2019-03-09 18:52:46 [main] INFO  o.s.c.n.e.s.EurekaServiceRegistry - Registering application MICROSERVICE01 with eureka with status UP
2019-03-09 18:52:46 [main] INFO  c.netflix.discovery.DiscoveryClient - Saw local status change event StatusChangeEvent [timestamp=1552153966790, current=UP, previous=STARTING]
2019-03-09 18:52:46 [DiscoveryClient-InstanceInfoReplicator-0] INFO  c.netflix.discovery.DiscoveryClient - DiscoveryClient_MICROSERVICE01/localhost:8081:microservice01: registering service...
2019-03-09 18:52:46 [main] INFO  o.a.coyote.http11.Http11NioProtocol - Starting ProtocolHandler ["http-nio-8081"]
2019-03-09 18:52:46 [main] INFO  o.a.tomcat.util.net.NioSelectorPool - Using a shared selector for servlet write/read
2019-03-09 18:52:46 [main] INFO  o.s.b.w.e.tomcat.TomcatWebServer - Tomcat started on port(s): 8081 (http) with context path ''
2019-03-09 18:52:46 [main] INFO  f.s.m.MicroservicebackApplication - Started MicroservicebackApplication in 4.741 seconds (JVM running for 5.29)
2019-03-09 18:52:46 [DiscoveryClient-InstanceInfoReplicator-0] INFO  c.netflix.discovery.DiscoveryClient - DiscoveryClient_MICROSERVICE01/localhost:8081:microservice01 - registration status: 204
2019-03-09 18:52:55 [http-nio-8081-exec-1] INFO  o.a.c.c.C.[Tomcat].[localhost].[/] - Initializing Spring DispatcherServlet 'dispatcherServlet'
2019-03-09 18:52:55 [http-nio-8081-exec-1] INFO  o.s.web.servlet.DispatcherServlet - Initializing Servlet 'dispatcherServlet'
2019-03-09 18:52:55 [http-nio-8081-exec-1] INFO  o.s.web.servlet.DispatcherServlet - Completed initialization in 6 ms
2019-03-09 18:52:55 [http-nio-8081-exec-1] INFO  f.s.m.Controller.CollabController - Appel: /api/collaborator
2019-03-09 18:52:55 [http-nio-8081-exec-3] INFO  f.s.m.Controller.CollabController - Appel: /api/collaborator
2019-03-09 18:52:55 [http-nio-8081-exec-5] INFO  f.s.m.Controller.CollabController - Appel: /api/collaborator
2019-03-09 18:52:56 [http-nio-8081-exec-7] INFO  f.s.m.Controller.CollabController - Appel: /api/collaborator
2019-03-09 18:52:56 [http-nio-8081-exec-9] INFO  f.s.m.Controller.CollabController - Appel: /api/collaborator
2019-03-09 18:53:12 [http-nio-127.0.0.1-8082-exec-1] INFO  o.a.c.c.C.[Tomcat-1].[localhost].[/] - Initializing Spring DispatcherServlet 'dispatcherServlet'
2019-03-09 18:53:12 [http-nio-127.0.0.1-8082-exec-1] INFO  o.s.web.servlet.DispatcherServlet - Initializing Servlet 'dispatcherServlet'
2019-03-09 18:53:12 [http-nio-127.0.0.1-8082-exec-1] INFO  o.s.web.servlet.DispatcherServlet - Completed initialization in 4 ms
