2019-03-09 18:27:07 [DiscoveryClient-CacheRefreshExecutor-0] INFO  c.netflix.discovery.DiscoveryClient - Disable delta property : false
2019-03-09 18:27:07 [DiscoveryClient-CacheRefreshExecutor-0] INFO  c.netflix.discovery.DiscoveryClient - Single vip registry refresh property : null
2019-03-09 18:27:07 [DiscoveryClient-CacheRefreshExecutor-0] INFO  c.netflix.discovery.DiscoveryClient - Force full registry fetch : false
2019-03-09 18:27:07 [DiscoveryClient-CacheRefreshExecutor-0] INFO  c.netflix.discovery.DiscoveryClient - Application is null : false
2019-03-09 18:27:07 [DiscoveryClient-CacheRefreshExecutor-0] INFO  c.netflix.discovery.DiscoveryClient - Registered Applications size is zero : true
2019-03-09 18:27:07 [DiscoveryClient-CacheRefreshExecutor-0] INFO  c.netflix.discovery.DiscoveryClient - Application version is -1: true
2019-03-09 18:27:07 [DiscoveryClient-CacheRefreshExecutor-0] INFO  c.netflix.discovery.DiscoveryClient - Getting all instance registry info from the eureka server
2019-03-09 18:27:08 [DiscoveryClient-HeartbeatExecutor-0] INFO  c.netflix.discovery.DiscoveryClient - DiscoveryClient_MICROSERVICE01/localhost:8081:microservice01 - Re-registering apps/MICROSERVICE01
2019-03-09 18:27:08 [DiscoveryClient-HeartbeatExecutor-0] INFO  c.netflix.discovery.DiscoveryClient - DiscoveryClient_MICROSERVICE01/localhost:8081:microservice01: registering service...
2019-03-09 18:27:08 [DiscoveryClient-CacheRefreshExecutor-0] INFO  c.netflix.discovery.DiscoveryClient - The response status is 200
2019-03-09 18:27:08 [DiscoveryClient-HeartbeatExecutor-0] INFO  c.netflix.discovery.DiscoveryClient - DiscoveryClient_MICROSERVICE01/localhost:8081:microservice01 - registration status: 204
2019-03-09 18:27:38 [DiscoveryClient-CacheRefreshExecutor-0] INFO  c.netflix.discovery.DiscoveryClient - Disable delta property : false
2019-03-09 18:27:38 [DiscoveryClient-CacheRefreshExecutor-0] INFO  c.netflix.discovery.DiscoveryClient - Single vip registry refresh property : null
2019-03-09 18:27:38 [DiscoveryClient-CacheRefreshExecutor-0] INFO  c.netflix.discovery.DiscoveryClient - Force full registry fetch : false
2019-03-09 18:27:38 [DiscoveryClient-CacheRefreshExecutor-0] INFO  c.netflix.discovery.DiscoveryClient - Application is null : false
2019-03-09 18:27:38 [DiscoveryClient-CacheRefreshExecutor-0] INFO  c.netflix.discovery.DiscoveryClient - Registered Applications size is zero : true
2019-03-09 18:27:38 [DiscoveryClient-CacheRefreshExecutor-0] INFO  c.netflix.discovery.DiscoveryClient - Application version is -1: false
2019-03-09 18:27:38 [DiscoveryClient-CacheRefreshExecutor-0] INFO  c.netflix.discovery.DiscoveryClient - Getting all instance registry info from the eureka server
2019-03-09 18:27:38 [DiscoveryClient-CacheRefreshExecutor-0] INFO  c.netflix.discovery.DiscoveryClient - The response status is 200
2019-03-09 18:27:41 [http-nio-8081-exec-1] INFO  o.a.c.c.C.[Tomcat].[localhost].[/] - Initializing Spring DispatcherServlet 'dispatcherServlet'
2019-03-09 18:27:41 [http-nio-8081-exec-1] INFO  o.s.web.servlet.DispatcherServlet - Initializing Servlet 'dispatcherServlet'
2019-03-09 18:27:41 [http-nio-8081-exec-1] INFO  o.s.web.servlet.DispatcherServlet - Completed initialization in 6 ms
2019-03-09 18:27:41 [http-nio-8081-exec-1] INFO  f.s.m.Controller.CollabController - Appel: /racine
2019-03-09 18:27:44 [http-nio-8081-exec-4] INFO  f.s.m.Controller.CollabController - Appel: /racine
2019-03-09 18:27:44 [http-nio-8081-exec-7] INFO  f.s.m.Controller.CollabController - Appel: /racine
2019-03-09 18:27:44 [http-nio-127.0.0.1-8082-exec-1] INFO  o.a.c.c.C.[Tomcat-1].[localhost].[/] - Initializing Spring DispatcherServlet 'dispatcherServlet'
2019-03-09 18:27:44 [http-nio-127.0.0.1-8082-exec-1] INFO  o.s.web.servlet.DispatcherServlet - Initializing Servlet 'dispatcherServlet'
2019-03-09 18:27:44 [http-nio-127.0.0.1-8082-exec-1] INFO  o.s.web.servlet.DispatcherServlet - Completed initialization in 4 ms
2019-03-09 18:27:44 [http-nio-8081-exec-9] INFO  f.s.m.Controller.CollabController - Appel: /racine
2019-03-09 18:27:45 [http-nio-8081-exec-6] INFO  f.s.m.Controller.CollabController - Appel: /racine
2019-03-09 18:27:45 [http-nio-8081-exec-10] INFO  f.s.m.Controller.CollabController - Appel: /racine
2019-03-09 18:27:45 [http-nio-8081-exec-1] INFO  f.s.m.Controller.CollabController - Appel: /racine
2019-03-09 18:27:49 [http-nio-8081-exec-5] INFO  f.s.m.Controller.CollabController - Appel: /api/collaborator
2019-03-09 18:28:49 [http-nio-8081-exec-8] INFO  f.s.m.Controller.CollabController - Appel: /api/collaborator
2019-03-09 18:28:50 [http-nio-8081-exec-3] INFO  f.s.m.Controller.CollabController - Appel: /api/collaborator
2019-03-09 18:28:50 [http-nio-8081-exec-10] INFO  f.s.m.Controller.CollabController - Appel: /api/collaborator
2019-03-09 18:28:50 [http-nio-8081-exec-1] INFO  f.s.m.Controller.CollabController - Appel: /api/collaborator
2019-03-09 18:28:50 [http-nio-8081-exec-5] INFO  f.s.m.Controller.CollabController - Appel: /api/collaborator
2019-03-09 18:28:50 [http-nio-8081-exec-8] INFO  f.s.m.Controller.CollabController - Appel: /api/collaborator
2019-03-09 18:28:51 [http-nio-8081-exec-3] INFO  f.s.m.Controller.CollabController - Appel: /api/collaborator
2019-03-09 18:28:51 [http-nio-8081-exec-10] INFO  f.s.m.Controller.CollabController - Appel: /api/collaborator
2019-03-09 18:28:51 [http-nio-8081-exec-1] INFO  f.s.m.Controller.CollabController - Appel: /api/collaborator
2019-03-09 18:28:51 [http-nio-8081-exec-5] INFO  f.s.m.Controller.CollabController - Appel: /api/collaborator
2019-03-09 18:28:51 [http-nio-8081-exec-8] INFO  f.s.m.Controller.CollabController - Appel: /api/collaborator
2019-03-09 18:28:51 [http-nio-8081-exec-3] INFO  f.s.m.Controller.CollabController - Appel: /api/collaborator
2019-03-09 18:28:51 [http-nio-8081-exec-10] INFO  f.s.m.Controller.CollabController - Appel: /api/collaborator
2019-03-09 18:28:51 [http-nio-8081-exec-1] INFO  f.s.m.Controller.CollabController - Appel: /api/collaborator
2019-03-09 18:31:35 [AsyncResolver-bootstrap-executor-0] INFO  c.n.d.s.r.aws.ConfigClusterResolver - Resolving eureka endpoints via configuration
2019-03-09 18:36:35 [AsyncResolver-bootstrap-executor-0] INFO  c.n.d.s.r.aws.ConfigClusterResolver - Resolving eureka endpoints via configuration
2019-03-09 18:52:42 [main] INFO  o.s.c.s.PostProcessorRegistrationDelegate$BeanPostProcessorChecker - Bean 'configurationPropertiesRebinderAutoConfiguration' of type [org.springframework.cloud.autoconfigure.ConfigurationPropertiesRebinderAutoConfiguration$$EnhancerBySpringCGLIB$$2ec7131b] is not eligible for getting processed by all BeanPostProcessors (for example: not eligible for auto-proxying)
2019-03-09 18:52:42 [main] INFO  f.s.m.MicroservicebackApplication - The following profiles are active: dev
2019-03-09 18:52:43 [main] WARN  o.s.boot.actuate.endpoint.EndpointId - Endpoint ID 'service-registry' contains invalid characters, please migrate to a valid format.
2019-03-09 18:52:43 [main] INFO  o.s.cloud.context.scope.GenericScope - BeanFactory id=d5f4dfb2-afeb-3bdf-805d-8c1e00c6b7fc
2019-03-09 18:52:43 [main] INFO  o.s.c.s.PostProcessorRegistrationDelegate$BeanPostProcessorChecker - Bean 'org.springframework.cloud.autoconfigure.ConfigurationPropertiesRebinderAutoConfiguration' of type [org.springframework.cloud.autoconfigure.ConfigurationPropertiesRebinderAutoConfiguration$$EnhancerBySpringCGLIB$$2ec7131b] is not eligible for getting processed by all BeanPostProcessors (for example: not eligible for auto-proxying)
2019-03-09 18:52:44 [main] INFO  o.s.b.w.e.tomcat.TomcatWebServer - Tomcat initialized with port(s): 8081 (http)
2019-03-09 18:52:44 [main] INFO  o.a.coyote.http11.Http11NioProtocol - Initializing ProtocolHandler ["http-nio-8081"]
2019-03-09 18:52:44 [main] INFO  o.a.catalina.core.StandardService - Starting service [Tomcat]
2019-03-09 18:52:44 [main] INFO  o.a.catalina.core.StandardEngine - Starting Servlet Engine: Apache Tomcat/9.0.13
2019-03-09 18:52:44 [main] INFO  o.a.c.core.AprLifecycleListener - The APR based Apache Tomcat Native library which allows optimal performance in production environments was not found on the java.library.path: [C:\Program Files\Java\jdk1.8.0_131\bin;C:\Windows\Sun\Java\bin;C:\Windows\system32;C:\Windows;C:/Program Files/Java/jdk1.8.0_131/bin/../jre/bin/server;C:/Program Files/Java/jdk1.8.0_131/bin/../jre/bin;C:/Program Files/Java/jdk1.8.0_131/bin/../jre/lib/amd64;K:\dev\workspace_oxygen\maven\apache-maven-3.5.0\bin;C:\Program Files\Java\jdk1.8.0_131\bin;C:\ProgramData\Oracle\Java\javapath;C:\Program Files (x86)\Intel\iCLS Client\;C:\Program Files\Intel\iCLS Client\;C:\Windows\system32;C:\Windows;C:\Windows\System32\Wbem;C:\Windows\System32\WindowsPowerShell\v1.0\;C:\Program Files (x86)\NVIDIA Corporation\PhysX\Common;C:\Program Files\Intel\Intel(R) Management Engine Components\DAL;C:\Program Files\Intel\Intel(R) Management Engine Components\IPT;C:\Program Files (x86)\Intel\Intel(R) Management Engine Components\DAL;C:\Program Files (x86)\Intel\Intel(R) Management Engine Components\IPT;C:\Program Files\Git\cmd;C:\Program Files (x86)\GtkSharp\2.12\bin;C:\Program Files\nodejs\;C:\Ruby24-x64\bin;C:\Program Files\Ruby24-x64\bin;C:\Users\loic\AppData\Local\atom\bin;C:\Users\loic\AppData\Roaming\npm;K:\dev\Eclipse\eclipse-oxygen;;.]
2019-03-09 18:52:44 [main] INFO  o.a.c.c.C.[Tomcat].[localhost].[/] - Initializing Spring embedded WebApplicationContext
2019-03-09 18:52:44 [main] INFO  o.s.web.context.ContextLoader - Root WebApplicationContext: initialization completed in 1483 ms
2019-03-09 18:52:44 [main] WARN  c.n.c.sources.URLConfigurationSource - No URLs will be polled as dynamic configuration sources.
2019-03-09 18:52:44 [main] INFO  c.n.c.sources.URLConfigurationSource - To enable URLs as dynamic configuration sources, define System property archaius.configurationSource.additionalUrls or make config.properties available on classpath.
2019-03-09 18:52:44 [main] INFO  c.n.config.DynamicPropertyFactory - DynamicPropertyFactory is initialized with configuration sources: com.netflix.config.ConcurrentCompositeConfiguration@6cc86152
2019-03-09 18:52:44 [main] WARN  c.n.c.sources.URLConfigurationSource - No URLs will be polled as dynamic configuration sources.
